<?xml version="1.0" encoding="UTF-8"?>
<!-- Generated by org.testng.reporters.JUnitXMLReporter -->
<testsuite ignored="0" hostname="Vivek-PC" failures="0" tests="3" name="Default test" time="22.211" errors="0" timestamp="2024-10-18T23:00:31 IST">
  <testcase classname="tests.Register" name="registerWithAllfield" time="1.186"/>
  <testcase classname="tests.Register" name="registerWithMandatoryField" time="1.154"/>
  <testcase classname="tests.Register" name="registerWithoutEnteringAnyDetails" time="0.483"/>
</testsuite> <!-- Default test -->
