<?xml version="1.0" encoding="UTF-8"?>
<!-- Generated by org.testng.reporters.JUnitXMLReporter -->
<testsuite ignored="4" hostname="Vivek-PC" failures="0" tests="1" name="Default test" time="5.816" errors="0" timestamp="2025-07-27T15:27:37 IST">
  <testcase classname="tests.Login" name="loginWithValidCredentials" time="1.189"/>
  <testcase classname="tests.Login" name="loginWithInvalidUsernamePassword" time="0.0">
    <ignored/>
  </testcase> <!-- loginWithInvalidUsernamePassword -->
  <testcase classname="tests.Login" name="loginWithInvalidUsername" time="0.0">
    <ignored/>
  </testcase> <!-- loginWithInvalidUsername -->
  <testcase classname="tests.Login" name="loginWithBlankUsernamePassword" time="0.0">
    <ignored/>
  </testcase> <!-- loginWithBlankUsernamePassword -->
  <testcase classname="tests.Login" name="loginWithInvalidPassword" time="0.0">
    <ignored/>
  </testcase> <!-- loginWithInvalidPassword -->
</testsuite> <!-- Default test -->
