<?xml version="1.0" encoding="UTF-8"?>
<!-- Generated by org.testng.reporters.JUnitXMLReporter -->
<testsuite ignored="4" hostname="Vivek-PC" failures="1" tests="11" name="Test" time="36.022" errors="0" timestamp="2025-07-29T14:51:31 IST">
  <testcase classname="tests.Login" name="loginWithValidCredentials" time="0.998"/>
  <testcase classname="tests.Login" name="loginWithInvalidUsername" time="1.04"/>
  <testcase classname="tests.Login" name="loginWithInvalidPassword" time="0.834"/>
  <testcase classname="tests.Login" name="loginWithInvalidUsernamePassword" time="0.516"/>
  <testcase classname="tests.Login" name="loginWithBlankUsernamePassword" time="0.791"/>
  <testcase classname="tests.Search" name="searchForValidProduct" time="0.487"/>
  <testcase classname="tests.Search" name="searchWithInvalidProduct" time="0.388"/>
  <testcase classname="tests.Search" name="searchWithNoProduct" time="0.353">
    <failure type="java.lang.AssertionError" message="No product message is not as expected. expected [There is no product that matches the search criteria.***] but found [There is no product that matches the search criteria.]">
      <![CDATA[java.lang.AssertionError: No product message is not as expected. expected [There is no product that matches the search criteria.***] but found [There is no product that matches the search criteria.]
at tests.Search.searchWithNoProduct(Search.java:70)
at java.base/java.util.ArrayList.forEach(ArrayList.java:1511)
... Removed 32 stack frames]]>
    </failure>
  </testcase> <!-- searchWithNoProduct -->
  <testcase classname="tests.Register" name="registerWithAllfield" time="1.3"/>
  <testcase classname="tests.Register" name="registerWithMandatoryField" time="1.322"/>
  <testcase classname="tests.Register" name="registerWithoutEnteringAnyDetails" time="0.602"/>
  <testcase classname="Base.BaseTest" name="@BeforeSuite setupExtentReport" time="0.0">
    <ignored/>
  </testcase> <!-- @BeforeSuite setupExtentReport -->
  <testcase classname="Base.BaseTest" name="@BeforeSuite setupExtentReport" time="0.0">
    <ignored/>
  </testcase> <!-- @BeforeSuite setupExtentReport -->
  <testcase classname="Base.BaseTest" name="@AfterSuite tearDown" time="0.0">
    <ignored/>
  </testcase> <!-- @AfterSuite tearDown -->
  <testcase classname="Base.BaseTest" name="@AfterSuite tearDown" time="0.0">
    <ignored/>
  </testcase> <!-- @AfterSuite tearDown -->
</testsuite> <!-- Test -->
