<?xml version="1.0" encoding="UTF-8"?>
<testng-results ignored="0" total="11" passed="11" failed="0" skipped="0">
  <reporter-output>
  </reporter-output>
  <suite started-at="2024-10-18T23:01:04 IST" name="Suite" finished-at="2024-10-18T23:01:43 IST" duration-ms="38707">
    <groups>
    </groups>
    <test started-at="2024-10-18T23:01:04 IST" name="Test" finished-at="2024-10-18T23:01:43 IST" duration-ms="38707">
      <class name="tests.Login">
        <test-method is-config="true" signature="setupExtentReport()[pri:0, instance:tests.Login@3eb738bb]" started-at="2024-10-18T23:01:04 IST" name="setupExtentReport" finished-at="2024-10-18T23:01:04 IST" duration-ms="238" status="PASS">
          <reporter-output>
          </reporter-output>
        </test-method> <!-- setupExtentReport -->
        <test-method is-config="true" signature="setup()[pri:0, instance:tests.Login@3eb738bb]" started-at="2024-10-18T23:01:04 IST" name="setup" finished-at="2024-10-18T23:01:08 IST" duration-ms="4322" status="PASS">
          <reporter-output>
          </reporter-output>
        </test-method> <!-- setup -->
        <test-method signature="loginWithValidCredentials()[pri:1, instance:tests.Login@3eb738bb]" started-at="2024-10-18T23:01:08 IST" name="loginWithValidCredentials" finished-at="2024-10-18T23:01:09 IST" duration-ms="722" status="PASS">
          <reporter-output>
          </reporter-output>
        </test-method> <!-- loginWithValidCredentials -->
        <test-method is-config="true" signature="tearDown(org.testng.ITestResult)[pri:0, instance:tests.Login@3eb738bb]" started-at="2024-10-18T23:01:09 IST" name="tearDown" finished-at="2024-10-18T23:01:09 IST" duration-ms="158" status="PASS">
          <params>
            <param index="0">
              <value>
                <![CDATA[[TestResult name=loginWithValidCredentials status=SUCCESS method=Login.loginWithValidCredentials()[pri:1, instance:tests.Login@3eb738bb] output={null}]]]>
              </value>
            </param>
          </params>
          <reporter-output>
          </reporter-output>
        </test-method> <!-- tearDown -->
        <test-method is-config="true" signature="getResult(org.testng.ITestResult)[pri:0, instance:tests.Login@3eb738bb]" started-at="2024-10-18T23:01:09 IST" name="getResult" finished-at="2024-10-18T23:01:09 IST" duration-ms="1" status="PASS">
          <params>
            <param index="0">
              <value>
                <![CDATA[[TestResult name=loginWithValidCredentials status=SUCCESS method=Login.loginWithValidCredentials()[pri:1, instance:tests.Login@3eb738bb] output={null}]]]>
              </value>
            </param>
          </params>
          <reporter-output>
          </reporter-output>
        </test-method> <!-- getResult -->
        <test-method is-config="true" signature="setup()[pri:0, instance:tests.Login@3eb738bb]" started-at="2024-10-18T23:01:09 IST" name="setup" finished-at="2024-10-18T23:01:13 IST" duration-ms="3737" status="PASS">
          <reporter-output>
          </reporter-output>
        </test-method> <!-- setup -->
        <test-method signature="loginWithInvalidUsername()[pri:2, instance:tests.Login@3eb738bb]" started-at="2024-10-18T23:01:13 IST" name="loginWithInvalidUsername" finished-at="2024-10-18T23:01:14 IST" duration-ms="602" status="PASS">
          <reporter-output>
          </reporter-output>
        </test-method> <!-- loginWithInvalidUsername -->
        <test-method is-config="true" signature="tearDown(org.testng.ITestResult)[pri:0, instance:tests.Login@3eb738bb]" started-at="2024-10-18T23:01:14 IST" name="tearDown" finished-at="2024-10-18T23:01:14 IST" duration-ms="131" status="PASS">
          <params>
            <param index="0">
              <value>
                <![CDATA[[TestResult name=loginWithInvalidUsername status=SUCCESS method=Login.loginWithInvalidUsername()[pri:2, instance:tests.Login@3eb738bb] output={null}]]]>
              </value>
            </param>
          </params>
          <reporter-output>
          </reporter-output>
        </test-method> <!-- tearDown -->
        <test-method is-config="true" signature="getResult(org.testng.ITestResult)[pri:0, instance:tests.Login@3eb738bb]" started-at="2024-10-18T23:01:14 IST" name="getResult" finished-at="2024-10-18T23:01:14 IST" duration-ms="0" status="PASS">
          <params>
            <param index="0">
              <value>
                <![CDATA[[TestResult name=loginWithInvalidUsername status=SUCCESS method=Login.loginWithInvalidUsername()[pri:2, instance:tests.Login@3eb738bb] output={null}]]]>
              </value>
            </param>
          </params>
          <reporter-output>
          </reporter-output>
        </test-method> <!-- getResult -->
        <test-method is-config="true" signature="setup()[pri:0, instance:tests.Login@3eb738bb]" started-at="2024-10-18T23:01:14 IST" name="setup" finished-at="2024-10-18T23:01:17 IST" duration-ms="3622" status="PASS">
          <reporter-output>
          </reporter-output>
        </test-method> <!-- setup -->
        <test-method signature="loginWithInvalidPassword()[pri:3, instance:tests.Login@3eb738bb]" started-at="2024-10-18T23:01:17 IST" name="loginWithInvalidPassword" finished-at="2024-10-18T23:01:18 IST" duration-ms="629" status="PASS">
          <reporter-output>
          </reporter-output>
        </test-method> <!-- loginWithInvalidPassword -->
        <test-method is-config="true" signature="tearDown(org.testng.ITestResult)[pri:0, instance:tests.Login@3eb738bb]" started-at="2024-10-18T23:01:18 IST" name="tearDown" finished-at="2024-10-18T23:01:18 IST" duration-ms="134" status="PASS">
          <params>
            <param index="0">
              <value>
                <![CDATA[[TestResult name=loginWithInvalidPassword status=SUCCESS method=Login.loginWithInvalidPassword()[pri:3, instance:tests.Login@3eb738bb] output={null}]]]>
              </value>
            </param>
          </params>
          <reporter-output>
          </reporter-output>
        </test-method> <!-- tearDown -->
        <test-method is-config="true" signature="getResult(org.testng.ITestResult)[pri:0, instance:tests.Login@3eb738bb]" started-at="2024-10-18T23:01:18 IST" name="getResult" finished-at="2024-10-18T23:01:18 IST" duration-ms="0" status="PASS">
          <params>
            <param index="0">
              <value>
                <![CDATA[[TestResult name=loginWithInvalidPassword status=SUCCESS method=Login.loginWithInvalidPassword()[pri:3, instance:tests.Login@3eb738bb] output={null}]]]>
              </value>
            </param>
          </params>
          <reporter-output>
          </reporter-output>
        </test-method> <!-- getResult -->
        <test-method is-config="true" signature="setup()[pri:0, instance:tests.Login@3eb738bb]" started-at="2024-10-18T23:01:18 IST" name="setup" finished-at="2024-10-18T23:01:21 IST" duration-ms="2556" status="PASS">
          <reporter-output>
          </reporter-output>
        </test-method> <!-- setup -->
        <test-method signature="loginWithInvalidUsernamePassword()[pri:4, instance:tests.Login@3eb738bb]" started-at="2024-10-18T23:01:21 IST" name="loginWithInvalidUsernamePassword" finished-at="2024-10-18T23:01:21 IST" duration-ms="466" status="PASS">
          <reporter-output>
          </reporter-output>
        </test-method> <!-- loginWithInvalidUsernamePassword -->
        <test-method is-config="true" signature="tearDown(org.testng.ITestResult)[pri:0, instance:tests.Login@3eb738bb]" started-at="2024-10-18T23:01:21 IST" name="tearDown" finished-at="2024-10-18T23:01:21 IST" duration-ms="111" status="PASS">
          <params>
            <param index="0">
              <value>
                <![CDATA[[TestResult name=loginWithInvalidUsernamePassword status=SUCCESS method=Login.loginWithInvalidUsernamePassword()[pri:4, instance:tests.Login@3eb738bb] output={null}]]]>
              </value>
            </param>
          </params>
          <reporter-output>
          </reporter-output>
        </test-method> <!-- tearDown -->
        <test-method is-config="true" signature="setup()[pri:0, instance:tests.Login@3eb738bb]" started-at="2024-10-18T23:01:21 IST" name="setup" finished-at="2024-10-18T23:01:23 IST" duration-ms="2152" status="PASS">
          <reporter-output>
          </reporter-output>
        </test-method> <!-- setup -->
        <test-method is-config="true" signature="getResult(org.testng.ITestResult)[pri:0, instance:tests.Login@3eb738bb]" started-at="2024-10-18T23:01:21 IST" name="getResult" finished-at="2024-10-18T23:01:21 IST" duration-ms="0" status="PASS">
          <params>
            <param index="0">
              <value>
                <![CDATA[[TestResult name=loginWithInvalidUsernamePassword status=SUCCESS method=Login.loginWithInvalidUsernamePassword()[pri:4, instance:tests.Login@3eb738bb] output={null}]]]>
              </value>
            </param>
          </params>
          <reporter-output>
          </reporter-output>
        </test-method> <!-- getResult -->
        <test-method signature="loginWithBlankUsernamePassword()[pri:5, instance:tests.Login@3eb738bb]" started-at="2024-10-18T23:01:23 IST" name="loginWithBlankUsernamePassword" finished-at="2024-10-18T23:01:24 IST" duration-ms="571" status="PASS">
          <reporter-output>
          </reporter-output>
        </test-method> <!-- loginWithBlankUsernamePassword -->
        <test-method is-config="true" signature="tearDown(org.testng.ITestResult)[pri:0, instance:tests.Login@3eb738bb]" started-at="2024-10-18T23:01:24 IST" name="tearDown" finished-at="2024-10-18T23:01:24 IST" duration-ms="122" status="PASS">
          <params>
            <param index="0">
              <value>
                <![CDATA[[TestResult name=loginWithBlankUsernamePassword status=SUCCESS method=Login.loginWithBlankUsernamePassword()[pri:5, instance:tests.Login@3eb738bb] output={null}]]]>
              </value>
            </param>
          </params>
          <reporter-output>
          </reporter-output>
        </test-method> <!-- tearDown -->
        <test-method is-config="true" signature="getResult(org.testng.ITestResult)[pri:0, instance:tests.Login@3eb738bb]" started-at="2024-10-18T23:01:24 IST" name="getResult" finished-at="2024-10-18T23:01:24 IST" duration-ms="1" status="PASS">
          <params>
            <param index="0">
              <value>
                <![CDATA[[TestResult name=loginWithBlankUsernamePassword status=SUCCESS method=Login.loginWithBlankUsernamePassword()[pri:5, instance:tests.Login@3eb738bb] output={null}]]]>
              </value>
            </param>
          </params>
          <reporter-output>
          </reporter-output>
        </test-method> <!-- getResult -->
        <test-method is-config="true" signature="tearDown()[pri:0, instance:tests.Login@3eb738bb]" started-at="2024-10-18T23:01:43 IST" name="tearDown" finished-at="2024-10-18T23:01:43 IST" duration-ms="272" status="PASS">
          <reporter-output>
          </reporter-output>
        </test-method> <!-- tearDown -->
      </class> <!-- tests.Login -->
      <class name="tests.Search">
        <test-method is-config="true" signature="setup()[pri:0, instance:tests.Search@fbd1f6]" started-at="2024-10-18T23:01:24 IST" name="setup" finished-at="2024-10-18T23:01:26 IST" duration-ms="2199" status="PASS">
          <reporter-output>
          </reporter-output>
        </test-method> <!-- setup -->
        <test-method signature="searchForValidProduct()[pri:1, instance:tests.Search@fbd1f6]" started-at="2024-10-18T23:01:26 IST" name="searchForValidProduct" finished-at="2024-10-18T23:01:27 IST" duration-ms="406" status="PASS">
          <reporter-output>
          </reporter-output>
        </test-method> <!-- searchForValidProduct -->
        <test-method is-config="true" signature="tearDown(org.testng.ITestResult)[pri:0, instance:tests.Search@fbd1f6]" started-at="2024-10-18T23:01:27 IST" name="tearDown" finished-at="2024-10-18T23:01:27 IST" duration-ms="134" status="PASS">
          <params>
            <param index="0">
              <value>
                <![CDATA[[TestResult name=searchForValidProduct status=SUCCESS method=Search.searchForValidProduct()[pri:1, instance:tests.Search@fbd1f6] output={null}]]]>
              </value>
            </param>
          </params>
          <reporter-output>
          </reporter-output>
        </test-method> <!-- tearDown -->
        <test-method is-config="true" signature="getResult(org.testng.ITestResult)[pri:0, instance:tests.Search@fbd1f6]" started-at="2024-10-18T23:01:27 IST" name="getResult" finished-at="2024-10-18T23:01:27 IST" duration-ms="1" status="PASS">
          <params>
            <param index="0">
              <value>
                <![CDATA[[TestResult name=searchForValidProduct status=SUCCESS method=Search.searchForValidProduct()[pri:1, instance:tests.Search@fbd1f6] output={null}]]]>
              </value>
            </param>
          </params>
          <reporter-output>
          </reporter-output>
        </test-method> <!-- getResult -->
        <test-method is-config="true" signature="setup()[pri:0, instance:tests.Search@fbd1f6]" started-at="2024-10-18T23:01:27 IST" name="setup" finished-at="2024-10-18T23:01:30 IST" duration-ms="2904" status="PASS">
          <reporter-output>
          </reporter-output>
        </test-method> <!-- setup -->
        <test-method signature="searchWithInvalidProduct()[pri:2, instance:tests.Search@fbd1f6]" started-at="2024-10-18T23:01:30 IST" name="searchWithInvalidProduct" finished-at="2024-10-18T23:01:30 IST" duration-ms="411" status="PASS">
          <reporter-output>
          </reporter-output>
        </test-method> <!-- searchWithInvalidProduct -->
        <test-method is-config="true" signature="tearDown(org.testng.ITestResult)[pri:0, instance:tests.Search@fbd1f6]" started-at="2024-10-18T23:01:30 IST" name="tearDown" finished-at="2024-10-18T23:01:30 IST" duration-ms="129" status="PASS">
          <params>
            <param index="0">
              <value>
                <![CDATA[[TestResult name=searchWithInvalidProduct status=SUCCESS method=Search.searchWithInvalidProduct()[pri:2, instance:tests.Search@fbd1f6] output={null}]]]>
              </value>
            </param>
          </params>
          <reporter-output>
          </reporter-output>
        </test-method> <!-- tearDown -->
        <test-method is-config="true" signature="getResult(org.testng.ITestResult)[pri:0, instance:tests.Search@fbd1f6]" started-at="2024-10-18T23:01:30 IST" name="getResult" finished-at="2024-10-18T23:01:30 IST" duration-ms="1" status="PASS">
          <params>
            <param index="0">
              <value>
                <![CDATA[[TestResult name=searchWithInvalidProduct status=SUCCESS method=Search.searchWithInvalidProduct()[pri:2, instance:tests.Search@fbd1f6] output={null}]]]>
              </value>
            </param>
          </params>
          <reporter-output>
          </reporter-output>
        </test-method> <!-- getResult -->
        <test-method is-config="true" signature="setup()[pri:0, instance:tests.Search@fbd1f6]" started-at="2024-10-18T23:01:30 IST" name="setup" finished-at="2024-10-18T23:01:32 IST" duration-ms="2181" status="PASS">
          <reporter-output>
          </reporter-output>
        </test-method> <!-- setup -->
        <test-method signature="searchWithNoProduct()[pri:3, instance:tests.Search@fbd1f6]" started-at="2024-10-18T23:01:32 IST" name="searchWithNoProduct" finished-at="2024-10-18T23:01:33 IST" duration-ms="268" status="PASS">
          <reporter-output>
          </reporter-output>
        </test-method> <!-- searchWithNoProduct -->
        <test-method is-config="true" signature="tearDown(org.testng.ITestResult)[pri:0, instance:tests.Search@fbd1f6]" started-at="2024-10-18T23:01:33 IST" name="tearDown" finished-at="2024-10-18T23:01:33 IST" duration-ms="138" status="PASS">
          <params>
            <param index="0">
              <value>
                <![CDATA[[TestResult name=searchWithNoProduct status=SUCCESS method=Search.searchWithNoProduct()[pri:3, instance:tests.Search@fbd1f6] output={null}]]]>
              </value>
            </param>
          </params>
          <reporter-output>
          </reporter-output>
        </test-method> <!-- tearDown -->
        <test-method is-config="true" signature="getResult(org.testng.ITestResult)[pri:0, instance:tests.Search@fbd1f6]" started-at="2024-10-18T23:01:33 IST" name="getResult" finished-at="2024-10-18T23:01:33 IST" duration-ms="0" status="PASS">
          <params>
            <param index="0">
              <value>
                <![CDATA[[TestResult name=searchWithNoProduct status=SUCCESS method=Search.searchWithNoProduct()[pri:3, instance:tests.Search@fbd1f6] output={null}]]]>
              </value>
            </param>
          </params>
          <reporter-output>
          </reporter-output>
        </test-method> <!-- getResult -->
      </class> <!-- tests.Search -->
      <class name="tests.Register">
        <test-method is-config="true" signature="setup()[pri:0, instance:tests.Register@1ce24091]" started-at="2024-10-18T23:01:33 IST" name="setup" finished-at="2024-10-18T23:01:35 IST" duration-ms="2183" status="PASS">
          <reporter-output>
          </reporter-output>
        </test-method> <!-- setup -->
        <test-method signature="registerWithAllfield()[pri:1, instance:tests.Register@1ce24091]" started-at="2024-10-18T23:01:35 IST" name="registerWithAllfield" finished-at="2024-10-18T23:01:36 IST" duration-ms="1158" status="PASS">
          <reporter-output>
          </reporter-output>
        </test-method> <!-- registerWithAllfield -->
        <test-method is-config="true" signature="tearDown()[pri:0, instance:tests.Register@1ce24091]" started-at="2024-10-18T23:01:36 IST" name="tearDown" finished-at="2024-10-18T23:01:36 IST" duration-ms="137" status="PASS">
          <reporter-output>
          </reporter-output>
        </test-method> <!-- tearDown -->
        <test-method is-config="true" signature="getResult(org.testng.ITestResult)[pri:0, instance:tests.Register@1ce24091]" started-at="2024-10-18T23:01:36 IST" name="getResult" finished-at="2024-10-18T23:01:36 IST" duration-ms="1" status="PASS">
          <params>
            <param index="0">
              <value>
                <![CDATA[[TestResult name=registerWithAllfield status=SUCCESS method=Register.registerWithAllfield()[pri:1, instance:tests.Register@1ce24091] output={null}]]]>
              </value>
            </param>
          </params>
          <reporter-output>
          </reporter-output>
        </test-method> <!-- getResult -->
        <test-method is-config="true" signature="setup()[pri:0, instance:tests.Register@1ce24091]" started-at="2024-10-18T23:01:36 IST" name="setup" finished-at="2024-10-18T23:01:39 IST" duration-ms="2239" status="PASS">
          <reporter-output>
          </reporter-output>
        </test-method> <!-- setup -->
        <test-method signature="registerWithMandatoryField()[pri:2, instance:tests.Register@1ce24091]" started-at="2024-10-18T23:01:39 IST" name="registerWithMandatoryField" finished-at="2024-10-18T23:01:40 IST" duration-ms="1102" status="PASS">
          <reporter-output>
          </reporter-output>
        </test-method> <!-- registerWithMandatoryField -->
        <test-method is-config="true" signature="tearDown()[pri:0, instance:tests.Register@1ce24091]" started-at="2024-10-18T23:01:40 IST" name="tearDown" finished-at="2024-10-18T23:01:40 IST" duration-ms="124" status="PASS">
          <reporter-output>
          </reporter-output>
        </test-method> <!-- tearDown -->
        <test-method is-config="true" signature="getResult(org.testng.ITestResult)[pri:0, instance:tests.Register@1ce24091]" started-at="2024-10-18T23:01:40 IST" name="getResult" finished-at="2024-10-18T23:01:40 IST" duration-ms="1" status="PASS">
          <params>
            <param index="0">
              <value>
                <![CDATA[[TestResult name=registerWithMandatoryField status=SUCCESS method=Register.registerWithMandatoryField()[pri:2, instance:tests.Register@1ce24091] output={null}]]]>
              </value>
            </param>
          </params>
          <reporter-output>
          </reporter-output>
        </test-method> <!-- getResult -->
        <test-method is-config="true" signature="setup()[pri:0, instance:tests.Register@1ce24091]" started-at="2024-10-18T23:01:40 IST" name="setup" finished-at="2024-10-18T23:01:42 IST" duration-ms="2220" status="PASS">
          <reporter-output>
          </reporter-output>
        </test-method> <!-- setup -->
        <test-method signature="registerWithoutEnteringAnyDetails()[pri:3, instance:tests.Register@1ce24091]" started-at="2024-10-18T23:01:42 IST" name="registerWithoutEnteringAnyDetails" finished-at="2024-10-18T23:01:43 IST" duration-ms="547" status="PASS">
          <reporter-output>
          </reporter-output>
        </test-method> <!-- registerWithoutEnteringAnyDetails -->
        <test-method is-config="true" signature="tearDown()[pri:0, instance:tests.Register@1ce24091]" started-at="2024-10-18T23:01:43 IST" name="tearDown" finished-at="2024-10-18T23:01:43 IST" duration-ms="131" status="PASS">
          <reporter-output>
          </reporter-output>
        </test-method> <!-- tearDown -->
        <test-method is-config="true" signature="getResult(org.testng.ITestResult)[pri:0, instance:tests.Register@1ce24091]" started-at="2024-10-18T23:01:43 IST" name="getResult" finished-at="2024-10-18T23:01:43 IST" duration-ms="0" status="PASS">
          <params>
            <param index="0">
              <value>
                <![CDATA[[TestResult name=registerWithoutEnteringAnyDetails status=SUCCESS method=Register.registerWithoutEnteringAnyDetails()[pri:3, instance:tests.Register@1ce24091] output={null}]]]>
              </value>
            </param>
          </params>
          <reporter-output>
          </reporter-output>
        </test-method> <!-- getResult -->
      </class> <!-- tests.Register -->
    </test> <!-- Test -->
  </suite> <!-- Suite -->
</testng-results>
