<?xml version="1.0" encoding="UTF-8"?>
<testng-results ignored="0" total="11" passed="11" failed="0" skipped="0">
  <reporter-output>
  </reporter-output>
  <suite started-at="2024-09-05T19:34:14 IST" name="Suite" finished-at="2024-09-05T19:34:53 IST" duration-ms="38734">
    <groups>
    </groups>
    <test started-at="2024-09-05T19:34:14 IST" name="Test" finished-at="2024-09-05T19:34:53 IST" duration-ms="38734">
      <class name="tests.Login">
        <test-method is-config="true" signature="setup()[pri:0, instance:tests.Login@7dc19a70]" started-at="2024-09-05T19:34:14 IST" name="setup" finished-at="2024-09-05T19:34:17 IST" duration-ms="3447" status="PASS">
          <reporter-output>
          </reporter-output>
        </test-method> <!-- setup -->
        <test-method signature="loginWithValidCredentials()[pri:1, instance:tests.Login@7dc19a70]" started-at="2024-09-05T19:34:17 IST" name="loginWithValidCredentials" finished-at="2024-09-05T19:34:18 IST" duration-ms="821" status="PASS">
          <reporter-output>
          </reporter-output>
        </test-method> <!-- loginWithValidCredentials -->
        <test-method is-config="true" signature="tearDown()[pri:0, instance:tests.Login@7dc19a70]" started-at="2024-09-05T19:34:18 IST" name="tearDown" finished-at="2024-09-05T19:34:19 IST" duration-ms="220" status="PASS">
          <reporter-output>
          </reporter-output>
        </test-method> <!-- tearDown -->
        <test-method is-config="true" signature="setup()[pri:0, instance:tests.Login@7dc19a70]" started-at="2024-09-05T19:34:19 IST" name="setup" finished-at="2024-09-05T19:34:21 IST" duration-ms="2619" status="PASS">
          <reporter-output>
          </reporter-output>
        </test-method> <!-- setup -->
        <test-method signature="loginWithInvalidUsername()[pri:2, instance:tests.Login@7dc19a70]" started-at="2024-09-05T19:34:21 IST" name="loginWithInvalidUsername" finished-at="2024-09-05T19:34:22 IST" duration-ms="790" status="PASS">
          <reporter-output>
          </reporter-output>
        </test-method> <!-- loginWithInvalidUsername -->
        <test-method is-config="true" signature="tearDown()[pri:0, instance:tests.Login@7dc19a70]" started-at="2024-09-05T19:34:22 IST" name="tearDown" finished-at="2024-09-05T19:34:22 IST" duration-ms="166" status="PASS">
          <reporter-output>
          </reporter-output>
        </test-method> <!-- tearDown -->
        <test-method is-config="true" signature="setup()[pri:0, instance:tests.Login@7dc19a70]" started-at="2024-09-05T19:34:22 IST" name="setup" finished-at="2024-09-05T19:34:26 IST" duration-ms="4303" status="PASS">
          <reporter-output>
          </reporter-output>
        </test-method> <!-- setup -->
        <test-method signature="loginWithInvalidPassword()[pri:3, instance:tests.Login@7dc19a70]" started-at="2024-09-05T19:34:26 IST" name="loginWithInvalidPassword" finished-at="2024-09-05T19:34:27 IST" duration-ms="690" status="PASS">
          <reporter-output>
          </reporter-output>
        </test-method> <!-- loginWithInvalidPassword -->
        <test-method is-config="true" signature="tearDown()[pri:0, instance:tests.Login@7dc19a70]" started-at="2024-09-05T19:34:27 IST" name="tearDown" finished-at="2024-09-05T19:34:27 IST" duration-ms="171" status="PASS">
          <reporter-output>
          </reporter-output>
        </test-method> <!-- tearDown -->
        <test-method is-config="true" signature="setup()[pri:0, instance:tests.Login@7dc19a70]" started-at="2024-09-05T19:34:27 IST" name="setup" finished-at="2024-09-05T19:34:30 IST" duration-ms="2566" status="PASS">
          <reporter-output>
          </reporter-output>
        </test-method> <!-- setup -->
        <test-method signature="loginWithInvalidUsernamePassword()[pri:4, instance:tests.Login@7dc19a70]" started-at="2024-09-05T19:34:30 IST" name="loginWithInvalidUsernamePassword" finished-at="2024-09-05T19:34:30 IST" duration-ms="563" status="PASS">
          <reporter-output>
          </reporter-output>
        </test-method> <!-- loginWithInvalidUsernamePassword -->
        <test-method is-config="true" signature="tearDown()[pri:0, instance:tests.Login@7dc19a70]" started-at="2024-09-05T19:34:30 IST" name="tearDown" finished-at="2024-09-05T19:34:31 IST" duration-ms="191" status="PASS">
          <reporter-output>
          </reporter-output>
        </test-method> <!-- tearDown -->
        <test-method is-config="true" signature="setup()[pri:0, instance:tests.Login@7dc19a70]" started-at="2024-09-05T19:34:31 IST" name="setup" finished-at="2024-09-05T19:34:33 IST" duration-ms="2640" status="PASS">
          <reporter-output>
          </reporter-output>
        </test-method> <!-- setup -->
        <test-method signature="loginWithBlankUsernamePassword()[pri:5, instance:tests.Login@7dc19a70]" started-at="2024-09-05T19:34:33 IST" name="loginWithBlankUsernamePassword" finished-at="2024-09-05T19:34:34 IST" duration-ms="471" status="PASS">
          <reporter-output>
          </reporter-output>
        </test-method> <!-- loginWithBlankUsernamePassword -->
        <test-method is-config="true" signature="tearDown()[pri:0, instance:tests.Login@7dc19a70]" started-at="2024-09-05T19:34:34 IST" name="tearDown" finished-at="2024-09-05T19:34:34 IST" duration-ms="154" status="PASS">
          <reporter-output>
          </reporter-output>
        </test-method> <!-- tearDown -->
      </class> <!-- tests.Login -->
      <class name="tests.Search">
        <test-method is-config="true" signature="setup()[pri:0, instance:tests.Search@3e2055d6]" started-at="2024-09-05T19:34:45 IST" name="setup" finished-at="2024-09-05T19:34:48 IST" duration-ms="2285" status="PASS">
          <reporter-output>
          </reporter-output>
        </test-method> <!-- setup -->
        <test-method signature="searchForValidProduct()[pri:1, instance:tests.Search@3e2055d6]" started-at="2024-09-05T19:34:48 IST" name="searchForValidProduct" finished-at="2024-09-05T19:34:48 IST" duration-ms="444" status="PASS">
          <reporter-output>
          </reporter-output>
        </test-method> <!-- searchForValidProduct -->
        <test-method is-config="true" signature="tearDown()[pri:0, instance:tests.Search@3e2055d6]" started-at="2024-09-05T19:34:48 IST" name="tearDown" finished-at="2024-09-05T19:34:48 IST" duration-ms="180" status="PASS">
          <reporter-output>
          </reporter-output>
        </test-method> <!-- tearDown -->
        <test-method is-config="true" signature="setup()[pri:0, instance:tests.Search@3e2055d6]" started-at="2024-09-05T19:34:48 IST" name="setup" finished-at="2024-09-05T19:34:50 IST" duration-ms="1753" status="PASS">
          <reporter-output>
          </reporter-output>
        </test-method> <!-- setup -->
        <test-method signature="searchWithInvalidProduct()[pri:2, instance:tests.Search@3e2055d6]" started-at="2024-09-05T19:34:50 IST" name="searchWithInvalidProduct" finished-at="2024-09-05T19:34:50 IST" duration-ms="385" status="PASS">
          <reporter-output>
          </reporter-output>
        </test-method> <!-- searchWithInvalidProduct -->
        <test-method is-config="true" signature="tearDown()[pri:0, instance:tests.Search@3e2055d6]" started-at="2024-09-05T19:34:50 IST" name="tearDown" finished-at="2024-09-05T19:34:50 IST" duration-ms="156" status="PASS">
          <reporter-output>
          </reporter-output>
        </test-method> <!-- tearDown -->
        <test-method is-config="true" signature="setup()[pri:0, instance:tests.Search@3e2055d6]" started-at="2024-09-05T19:34:50 IST" name="setup" finished-at="2024-09-05T19:34:52 IST" duration-ms="1813" status="PASS">
          <reporter-output>
          </reporter-output>
        </test-method> <!-- setup -->
        <test-method signature="searchWithNoProduct()[pri:3, instance:tests.Search@3e2055d6]" started-at="2024-09-05T19:34:52 IST" name="searchWithNoProduct" finished-at="2024-09-05T19:34:53 IST" duration-ms="271" status="PASS">
          <reporter-output>
          </reporter-output>
        </test-method> <!-- searchWithNoProduct -->
        <test-method is-config="true" signature="tearDown()[pri:0, instance:tests.Search@3e2055d6]" started-at="2024-09-05T19:34:53 IST" name="tearDown" finished-at="2024-09-05T19:34:53 IST" duration-ms="150" status="PASS">
          <reporter-output>
          </reporter-output>
        </test-method> <!-- tearDown -->
      </class> <!-- tests.Search -->
      <class name="tests.Register">
        <test-method is-config="true" signature="setup()[pri:0, instance:tests.Register@18f8cd79]" started-at="2024-09-05T19:34:34 IST" name="setup" finished-at="2024-09-05T19:34:36 IST" duration-ms="2389" status="PASS">
          <reporter-output>
          </reporter-output>
        </test-method> <!-- setup -->
        <test-method signature="registerWithAllfield()[pri:1, instance:tests.Register@18f8cd79]" started-at="2024-09-05T19:34:36 IST" name="registerWithAllfield" finished-at="2024-09-05T19:34:38 IST" duration-ms="1295" status="PASS">
          <reporter-output>
          </reporter-output>
        </test-method> <!-- registerWithAllfield -->
        <test-method is-config="true" signature="tearDown()[pri:0, instance:tests.Register@18f8cd79]" started-at="2024-09-05T19:34:38 IST" name="tearDown" finished-at="2024-09-05T19:34:38 IST" duration-ms="185" status="PASS">
          <reporter-output>
          </reporter-output>
        </test-method> <!-- tearDown -->
        <test-method is-config="true" signature="setup()[pri:0, instance:tests.Register@18f8cd79]" started-at="2024-09-05T19:34:38 IST" name="setup" finished-at="2024-09-05T19:34:40 IST" duration-ms="2559" status="PASS">
          <reporter-output>
          </reporter-output>
        </test-method> <!-- setup -->
        <test-method signature="registerWithMandatoryField()[pri:2, instance:tests.Register@18f8cd79]" started-at="2024-09-05T19:34:40 IST" name="registerWithMandatoryField" finished-at="2024-09-05T19:34:42 IST" duration-ms="1283" status="PASS">
          <reporter-output>
          </reporter-output>
        </test-method> <!-- registerWithMandatoryField -->
        <test-method is-config="true" signature="tearDown()[pri:0, instance:tests.Register@18f8cd79]" started-at="2024-09-05T19:34:42 IST" name="tearDown" finished-at="2024-09-05T19:34:42 IST" duration-ms="198" status="PASS">
          <reporter-output>
          </reporter-output>
        </test-method> <!-- tearDown -->
        <test-method is-config="true" signature="setup()[pri:0, instance:tests.Register@18f8cd79]" started-at="2024-09-05T19:34:42 IST" name="setup" finished-at="2024-09-05T19:34:45 IST" duration-ms="2758" status="PASS">
          <reporter-output>
          </reporter-output>
        </test-method> <!-- setup -->
        <test-method signature="registerWithoutEnteringAnyDetails()[pri:3, instance:tests.Register@18f8cd79]" started-at="2024-09-05T19:34:45 IST" name="registerWithoutEnteringAnyDetails" finished-at="2024-09-05T19:34:45 IST" duration-ms="581" status="PASS">
          <reporter-output>
          </reporter-output>
        </test-method> <!-- registerWithoutEnteringAnyDetails -->
        <test-method is-config="true" signature="tearDown()[pri:0, instance:tests.Register@18f8cd79]" started-at="2024-09-05T19:34:45 IST" name="tearDown" finished-at="2024-09-05T19:34:45 IST" duration-ms="169" status="PASS">
          <reporter-output>
          </reporter-output>
        </test-method> <!-- tearDown -->
      </class> <!-- tests.Register -->
    </test> <!-- Test -->
  </suite> <!-- Suite -->
</testng-results>
