<?xml version="1.0" encoding="UTF-8"?>
<testng-results ignored="0" total="5" passed="5" failed="0" skipped="0">
  <reporter-output>
  </reporter-output>
  <suite started-at="2025-07-29T20:40:17 IST" name="Default suite" finished-at="2025-07-29T20:40:39 IST" duration-ms="21597">
    <groups>
    </groups>
    <test started-at="2025-07-29T20:40:17 IST" name="Default test" finished-at="2025-07-29T20:40:39 IST" duration-ms="21597">
      <class name="tests.Login">
        <test-method is-config="true" signature="setupExtentReport()[pri:0, instance:tests.Login@28194a50]" started-at="2025-07-29T20:40:17 IST" name="setupExtentReport" finished-at="2025-07-29T20:40:17 IST" duration-ms="354" status="PASS">
          <reporter-output>
          </reporter-output>
        </test-method> <!-- setupExtentReport -->
        <test-method is-config="true" signature="setupLogin()[pri:0, instance:tests.Login@28194a50]" started-at="2025-07-29T20:40:17 IST" name="setupLogin" finished-at="2025-07-29T20:40:21 IST" duration-ms="3377" status="PASS">
          <reporter-output>
          </reporter-output>
        </test-method> <!-- setupLogin -->
        <test-method signature="loginWithValidCredentials()[pri:1, instance:tests.Login@28194a50]" started-at="2025-07-29T20:40:21 IST" name="loginWithValidCredentials" finished-at="2025-07-29T20:40:22 IST" duration-ms="1469" status="PASS">
          <reporter-output>
          </reporter-output>
        </test-method> <!-- loginWithValidCredentials -->
        <test-method is-config="true" signature="tearDownCustom(org.testng.ITestResult)[pri:0, instance:tests.Login@28194a50]" started-at="2025-07-29T20:40:22 IST" name="tearDownCustom" finished-at="2025-07-29T20:40:22 IST" duration-ms="299" status="PASS">
          <params>
            <param index="0">
              <value>
                <![CDATA[[TestResult name=loginWithValidCredentials status=SUCCESS method=Login.loginWithValidCredentials()[pri:1, instance:tests.Login@28194a50] output={null}]]]>
              </value>
            </param>
          </params>
          <reporter-output>
          </reporter-output>
        </test-method> <!-- tearDownCustom -->
        <test-method is-config="true" signature="tearDown(org.testng.ITestResult)[pri:0, instance:tests.Login@28194a50]" started-at="2025-07-29T20:40:22 IST" name="tearDown" finished-at="2025-07-29T20:40:22 IST" duration-ms="1" status="PASS">
          <params>
            <param index="0">
              <value>
                <![CDATA[[TestResult name=loginWithValidCredentials status=SUCCESS method=Login.loginWithValidCredentials()[pri:1, instance:tests.Login@28194a50] output={null}]]]>
              </value>
            </param>
          </params>
          <reporter-output>
          </reporter-output>
        </test-method> <!-- tearDown -->
        <test-method is-config="true" signature="setupLogin()[pri:0, instance:tests.Login@28194a50]" started-at="2025-07-29T20:40:22 IST" name="setupLogin" finished-at="2025-07-29T20:40:25 IST" duration-ms="2670" status="PASS">
          <reporter-output>
          </reporter-output>
        </test-method> <!-- setupLogin -->
        <test-method signature="loginWithInvalidUsername()[pri:2, instance:tests.Login@28194a50]" started-at="2025-07-29T20:40:25 IST" name="loginWithInvalidUsername" finished-at="2025-07-29T20:40:26 IST" duration-ms="1023" status="PASS">
          <reporter-output>
          </reporter-output>
        </test-method> <!-- loginWithInvalidUsername -->
        <test-method is-config="true" signature="tearDownCustom(org.testng.ITestResult)[pri:0, instance:tests.Login@28194a50]" started-at="2025-07-29T20:40:26 IST" name="tearDownCustom" finished-at="2025-07-29T20:40:26 IST" duration-ms="203" status="PASS">
          <params>
            <param index="0">
              <value>
                <![CDATA[[TestResult name=loginWithInvalidUsername status=SUCCESS method=Login.loginWithInvalidUsername()[pri:2, instance:tests.Login@28194a50] output={null}]]]>
              </value>
            </param>
          </params>
          <reporter-output>
          </reporter-output>
        </test-method> <!-- tearDownCustom -->
        <test-method is-config="true" signature="tearDown(org.testng.ITestResult)[pri:0, instance:tests.Login@28194a50]" started-at="2025-07-29T20:40:26 IST" name="tearDown" finished-at="2025-07-29T20:40:26 IST" duration-ms="1" status="PASS">
          <params>
            <param index="0">
              <value>
                <![CDATA[[TestResult name=loginWithInvalidUsername status=SUCCESS method=Login.loginWithInvalidUsername()[pri:2, instance:tests.Login@28194a50] output={null}]]]>
              </value>
            </param>
          </params>
          <reporter-output>
          </reporter-output>
        </test-method> <!-- tearDown -->
        <test-method is-config="true" signature="setupLogin()[pri:0, instance:tests.Login@28194a50]" started-at="2025-07-29T20:40:26 IST" name="setupLogin" finished-at="2025-07-29T20:40:29 IST" duration-ms="2774" status="PASS">
          <reporter-output>
          </reporter-output>
        </test-method> <!-- setupLogin -->
        <test-method signature="loginWithInvalidPassword()[pri:3, instance:tests.Login@28194a50]" started-at="2025-07-29T20:40:29 IST" name="loginWithInvalidPassword" finished-at="2025-07-29T20:40:30 IST" duration-ms="1190" status="PASS">
          <reporter-output>
          </reporter-output>
        </test-method> <!-- loginWithInvalidPassword -->
        <test-method is-config="true" signature="tearDownCustom(org.testng.ITestResult)[pri:0, instance:tests.Login@28194a50]" started-at="2025-07-29T20:40:30 IST" name="tearDownCustom" finished-at="2025-07-29T20:40:31 IST" duration-ms="310" status="PASS">
          <params>
            <param index="0">
              <value>
                <![CDATA[[TestResult name=loginWithInvalidPassword status=SUCCESS method=Login.loginWithInvalidPassword()[pri:3, instance:tests.Login@28194a50] output={null}]]]>
              </value>
            </param>
          </params>
          <reporter-output>
          </reporter-output>
        </test-method> <!-- tearDownCustom -->
        <test-method is-config="true" signature="tearDown(org.testng.ITestResult)[pri:0, instance:tests.Login@28194a50]" started-at="2025-07-29T20:40:31 IST" name="tearDown" finished-at="2025-07-29T20:40:31 IST" duration-ms="1" status="PASS">
          <params>
            <param index="0">
              <value>
                <![CDATA[[TestResult name=loginWithInvalidPassword status=SUCCESS method=Login.loginWithInvalidPassword()[pri:3, instance:tests.Login@28194a50] output={null}]]]>
              </value>
            </param>
          </params>
          <reporter-output>
          </reporter-output>
        </test-method> <!-- tearDown -->
        <test-method is-config="true" signature="setupLogin()[pri:0, instance:tests.Login@28194a50]" started-at="2025-07-29T20:40:31 IST" name="setupLogin" finished-at="2025-07-29T20:40:33 IST" duration-ms="2574" status="PASS">
          <reporter-output>
          </reporter-output>
        </test-method> <!-- setupLogin -->
        <test-method signature="loginWithInvalidUsernamePassword()[pri:4, instance:tests.Login@28194a50]" started-at="2025-07-29T20:40:33 IST" name="loginWithInvalidUsernamePassword" finished-at="2025-07-29T20:40:34 IST" duration-ms="1266" status="PASS">
          <reporter-output>
          </reporter-output>
        </test-method> <!-- loginWithInvalidUsernamePassword -->
        <test-method is-config="true" signature="tearDownCustom(org.testng.ITestResult)[pri:0, instance:tests.Login@28194a50]" started-at="2025-07-29T20:40:34 IST" name="tearDownCustom" finished-at="2025-07-29T20:40:35 IST" duration-ms="270" status="PASS">
          <params>
            <param index="0">
              <value>
                <![CDATA[[TestResult name=loginWithInvalidUsernamePassword status=SUCCESS method=Login.loginWithInvalidUsernamePassword()[pri:4, instance:tests.Login@28194a50] output={null}]]]>
              </value>
            </param>
          </params>
          <reporter-output>
          </reporter-output>
        </test-method> <!-- tearDownCustom -->
        <test-method is-config="true" signature="tearDown(org.testng.ITestResult)[pri:0, instance:tests.Login@28194a50]" started-at="2025-07-29T20:40:35 IST" name="tearDown" finished-at="2025-07-29T20:40:35 IST" duration-ms="1" status="PASS">
          <params>
            <param index="0">
              <value>
                <![CDATA[[TestResult name=loginWithInvalidUsernamePassword status=SUCCESS method=Login.loginWithInvalidUsernamePassword()[pri:4, instance:tests.Login@28194a50] output={null}]]]>
              </value>
            </param>
          </params>
          <reporter-output>
          </reporter-output>
        </test-method> <!-- tearDown -->
        <test-method is-config="true" signature="setupLogin()[pri:0, instance:tests.Login@28194a50]" started-at="2025-07-29T20:40:35 IST" name="setupLogin" finished-at="2025-07-29T20:40:37 IST" duration-ms="2599" status="PASS">
          <reporter-output>
          </reporter-output>
        </test-method> <!-- setupLogin -->
        <test-method signature="loginWithBlankUsernamePassword()[pri:5, instance:tests.Login@28194a50]" started-at="2025-07-29T20:40:37 IST" name="loginWithBlankUsernamePassword" finished-at="2025-07-29T20:40:39 IST" duration-ms="1269" status="PASS">
          <reporter-output>
          </reporter-output>
        </test-method> <!-- loginWithBlankUsernamePassword -->
        <test-method is-config="true" signature="tearDownCustom(org.testng.ITestResult)[pri:0, instance:tests.Login@28194a50]" started-at="2025-07-29T20:40:39 IST" name="tearDownCustom" finished-at="2025-07-29T20:40:39 IST" duration-ms="224" status="PASS">
          <params>
            <param index="0">
              <value>
                <![CDATA[[TestResult name=loginWithBlankUsernamePassword status=SUCCESS method=Login.loginWithBlankUsernamePassword()[pri:5, instance:tests.Login@28194a50] output={null}]]]>
              </value>
            </param>
          </params>
          <reporter-output>
          </reporter-output>
        </test-method> <!-- tearDownCustom -->
        <test-method is-config="true" signature="tearDown(org.testng.ITestResult)[pri:0, instance:tests.Login@28194a50]" started-at="2025-07-29T20:40:39 IST" name="tearDown" finished-at="2025-07-29T20:40:39 IST" duration-ms="1" status="PASS">
          <params>
            <param index="0">
              <value>
                <![CDATA[[TestResult name=loginWithBlankUsernamePassword status=SUCCESS method=Login.loginWithBlankUsernamePassword()[pri:5, instance:tests.Login@28194a50] output={null}]]]>
              </value>
            </param>
          </params>
          <reporter-output>
          </reporter-output>
        </test-method> <!-- tearDown -->
        <test-method is-config="true" signature="tearDown()[pri:0, instance:tests.Login@28194a50]" started-at="2025-07-29T20:40:39 IST" name="tearDown" finished-at="2025-07-29T20:40:46 IST" duration-ms="6603" status="PASS">
          <reporter-output>
          </reporter-output>
        </test-method> <!-- tearDown -->
      </class> <!-- tests.Login -->
    </test> <!-- Default test -->
  </suite> <!-- Default suite -->
</testng-results>
